<?xml version="1.0" encoding="UTF-8"?>
<testng-results skipped="0" failed="0" ignored="0" total="1" passed="1">
  <reporter-output>
  </reporter-output>
  <suite name="Default suite" duration-ms="18460" started-at="2018-08-25T05:20:03Z" finished-at="2018-08-25T05:20:22Z">
    <groups>
    </groups>
    <test name="Default test" duration-ms="18460" started-at="2018-08-25T05:20:03Z" finished-at="2018-08-25T05:20:22Z">
      <class name="TestNG.screenshot">
        <test-method status="PASS" signature="test()[pri:0, instance:TestNG.screenshot@482f8f11]" name="test" duration-ms="18339" started-at="2018-08-25T05:20:03Z" finished-at="2018-08-25T05:20:22Z">
          <reporter-output>
          </reporter-output>
        </test-method> <!-- test -->
      </class> <!-- TestNG.screenshot -->
    </test> <!-- Default test -->
  </suite> <!-- Default suite -->
</testng-results>
